c:\users\조우택\documents\sourctree\3d_personal_project\3d_personal_project\framework\client\default\x64\debug\client.pch
c:\users\조우택\documents\sourctree\3d_personal_project\3d_personal_project\framework\client\default\x64\debug\vc142.pdb
c:\users\조우택\documents\sourctree\3d_personal_project\3d_personal_project\framework\client\default\x64\debug\vc142.idb
c:\users\조우택\documents\sourctree\3d_personal_project\3d_personal_project\framework\client\default\x64\debug\stdafx.obj
c:\users\조우택\documents\sourctree\3d_personal_project\3d_personal_project\framework\client\default\x64\debug\client.obj
c:\users\조우택\documents\sourctree\3d_personal_project\3d_personal_project\framework\client\default\x64\debug\mainapp.obj
c:\users\조우택\documents\sourctree\3d_personal_project\3d_personal_project\framework\client\default\x64\debug\loader.obj
c:\users\조우택\documents\sourctree\3d_personal_project\3d_personal_project\framework\client\default\x64\debug\level_logo.obj
c:\users\조우택\documents\sourctree\3d_personal_project\3d_personal_project\framework\client\default\x64\debug\level_loading.obj
c:\users\조우택\documents\sourctree\3d_personal_project\3d_personal_project\framework\client\default\x64\debug\level_gameplay.obj
c:\users\조우택\documents\sourctree\3d_personal_project\3d_personal_project\framework\client\default\x64\debug\background.obj
c:\users\조우택\documents\sourctree\3d_personal_project\3d_personal_project\framework\client\default\x64\debug\client.ilk
c:\users\조우택\documents\sourctree\3d_personal_project\3d_personal_project\framework\client\bin\client.exe
c:\users\조우택\documents\sourctree\3d_personal_project\3d_personal_project\framework\client\bin\client.pdb
c:\users\조우택\documents\sourctree\3d_personal_project\3d_personal_project\framework\client\default\x64\debug\client.res
c:\users\조우택\documents\sourctree\3d_personal_project\3d_personal_project\framework\client\default\x64\debug\client.tlog\cl.command.1.tlog
c:\users\조우택\documents\sourctree\3d_personal_project\3d_personal_project\framework\client\default\x64\debug\client.tlog\cl.read.1.tlog
c:\users\조우택\documents\sourctree\3d_personal_project\3d_personal_project\framework\client\default\x64\debug\client.tlog\cl.write.1.tlog
c:\users\조우택\documents\sourctree\3d_personal_project\3d_personal_project\framework\client\default\x64\debug\client.tlog\link.command.1.tlog
c:\users\조우택\documents\sourctree\3d_personal_project\3d_personal_project\framework\client\default\x64\debug\client.tlog\link.read.1.tlog
c:\users\조우택\documents\sourctree\3d_personal_project\3d_personal_project\framework\client\default\x64\debug\client.tlog\link.write.1.tlog
c:\users\조우택\documents\sourctree\3d_personal_project\3d_personal_project\framework\client\default\x64\debug\client.tlog\rc.command.1.tlog
c:\users\조우택\documents\sourctree\3d_personal_project\3d_personal_project\framework\client\default\x64\debug\client.tlog\rc.read.1.tlog
c:\users\조우택\documents\sourctree\3d_personal_project\3d_personal_project\framework\client\default\x64\debug\client.tlog\rc.write.1.tlog
