c:\users\조우택\documents\sourctree\3d_personal_project\3d_personal_project\framework\engine\default\x64\debug\vc142.pdb
c:\users\조우택\documents\sourctree\3d_personal_project\3d_personal_project\framework\engine\default\x64\debug\vc142.idb
c:\users\조우택\documents\sourctree\3d_personal_project\3d_personal_project\framework\engine\default\x64\debug\timer_manager.obj
c:\users\조우택\documents\sourctree\3d_personal_project\3d_personal_project\framework\engine\default\x64\debug\timer.obj
c:\users\조우택\documents\sourctree\3d_personal_project\3d_personal_project\framework\engine\default\x64\debug\renderer.obj
c:\users\조우택\documents\sourctree\3d_personal_project\3d_personal_project\framework\engine\default\x64\debug\object_manager.obj
c:\users\조우택\documents\sourctree\3d_personal_project\3d_personal_project\framework\engine\default\x64\debug\level_manager.obj
c:\users\조우택\documents\sourctree\3d_personal_project\3d_personal_project\framework\engine\default\x64\debug\level.obj
c:\users\조우택\documents\sourctree\3d_personal_project\3d_personal_project\framework\engine\default\x64\debug\layer.obj
c:\users\조우택\documents\sourctree\3d_personal_project\3d_personal_project\framework\engine\default\x64\debug\graphic_device.obj
c:\users\조우택\documents\sourctree\3d_personal_project\3d_personal_project\framework\engine\default\x64\debug\gameobject.obj
c:\users\조우택\documents\sourctree\3d_personal_project\3d_personal_project\framework\engine\default\x64\debug\gameinstance.obj
c:\users\조우택\documents\sourctree\3d_personal_project\3d_personal_project\framework\engine\default\x64\debug\base.obj
c:\users\조우택\documents\sourctree\3d_personal_project\3d_personal_project\framework\engine\bin\engine.lib
c:\users\조우택\documents\sourctree\3d_personal_project\3d_personal_project\framework\engine\bin\engine.exp
c:\users\조우택\documents\sourctree\3d_personal_project\3d_personal_project\framework\engine\default\x64\debug\engine.ilk
c:\users\조우택\documents\sourctree\3d_personal_project\3d_personal_project\framework\engine\bin\engine.dll
c:\users\조우택\documents\sourctree\3d_personal_project\3d_personal_project\framework\engine\bin\engine.pdb
c:\users\조우택\documents\sourctree\3d_personal_project\3d_personal_project\framework\engine\default\x64\debug\engine.tlog\cl.command.1.tlog
c:\users\조우택\documents\sourctree\3d_personal_project\3d_personal_project\framework\engine\default\x64\debug\engine.tlog\cl.read.1.tlog
c:\users\조우택\documents\sourctree\3d_personal_project\3d_personal_project\framework\engine\default\x64\debug\engine.tlog\cl.write.1.tlog
c:\users\조우택\documents\sourctree\3d_personal_project\3d_personal_project\framework\engine\default\x64\debug\engine.tlog\engine.write.1u.tlog
c:\users\조우택\documents\sourctree\3d_personal_project\3d_personal_project\framework\engine\default\x64\debug\engine.tlog\link.command.1.tlog
c:\users\조우택\documents\sourctree\3d_personal_project\3d_personal_project\framework\engine\default\x64\debug\engine.tlog\link.read.1.tlog
c:\users\조우택\documents\sourctree\3d_personal_project\3d_personal_project\framework\engine\default\x64\debug\engine.tlog\link.write.1.tlog
